<?xml version="1.0" encoding="UTF-8"?>
<!-- Generated by org.testng.reporters.JUnitReportReporter -->
<testsuite hostname="Rupesh" failures="0" tests="1" name="test.NewTest" time="7.041" errors="0" timestamp="2023-06-30T22:51:54 IST" skipped="0">
  <testcase classname="test.NewTest" name="f" time="7.041"/>
</testsuite> <!-- test.NewTest -->
