<?xml version="1.0" encoding="UTF-8"?>
<!-- Generated by org.testng.reporters.JUnitReportReporter -->
<testsuite hostname="Rupesh" failures="0" tests="1" name="test.PB_TC_1001_ValidatePB_UN_fromPropertyFile_Listener" time="17.855" errors="0" timestamp="2023-07-28T10:30:53 IST" skipped="0">
  <testcase classname="test.PB_TC_1001_ValidatePB_UN_fromPropertyFile_Listener" name="validateUsernamePB" time="17.855">
    <system-out>
      <![CDATA[reading data from property file and data is key--> ExpResult
Validating username
username-->Rupesh Uttam Wathore]]>
    </system-out>
  </testcase> <!-- validateUsernamePB -->
  <system-out>
    <![CDATA[Using wait Time-->500
reading data from property file and data is key--> url
Opening browser and Launching URL-->PB
Using wait Time-->1000
clicking On Home Page SignIn Button
Using wait Time-->1000
reading data from property file and data is key--> UserName
entering Mobile Number
Using wait Time-->1000
clicking On SignIn With Password
Using wait Time-->1000
reading data from property file and data is key--> password
entering Password
Using wait Time-->2000
clicking On SignIn Button
Using wait Time-->2000
clicking On MyAccount Button
Using wait Time-->2000
clicking On MyProfile Button
Using wait Time-->2000
reading data from property file and data is key--> ExpResult
Validating username
username-->Rupesh Uttam Wathore
Log out from Policy bazzar
Using wait Time-->3000
Using wait Time-->3000
Closing Browser]]>
  </system-out>
</testsuite> <!-- test.PB_TC_1001_ValidatePB_UN_fromPropertyFile_Listener -->
